  171_4.cpp
  171_5.cpp
  2021_18.cpp
  코드를 생성하고 있습니다...
146cpp.obj : warning LNK4099: '' PDB를 '146cpp.obj' 또는 ''에서 찾을 수 없습니다. 디버그 정보가 없는 것처럼 개체를 링크합니다.
151_2.obj : warning LNK4099: '' PDB를 '151_2.obj' 또는 ''에서 찾을 수 없습니다. 디버그 정보가 없는 것처럼 개체를 링크합니다.
152_4.obj : warning LNK4099: '' PDB를 '152_4.obj' 또는 ''에서 찾을 수 없습니다. 디버그 정보가 없는 것처럼 개체를 링크합니다.
152_5.obj : warning LNK4099: '' PDB를 '152_5.obj' 또는 ''에서 찾을 수 없습니다. 디버그 정보가 없는 것처럼 개체를 링크합니다.
152_6.obj : warning LNK4099: '' PDB를 '152_6.obj' 또는 ''에서 찾을 수 없습니다. 디버그 정보가 없는 것처럼 개체를 링크합니다.
153_7.obj : warning LNK4099: '' PDB를 '153_7.obj' 또는 ''에서 찾을 수 없습니다. 디버그 정보가 없는 것처럼 개체를 링크합니다.
154_10.obj : warning LNK4099: '' PDB를 '154_10.obj' 또는 ''에서 찾을 수 없습니다. 디버그 정보가 없는 것처럼 개체를 링크합니다.
155.obj : warning LNK4099: '' PDB를 '155.obj' 또는 ''에서 찾을 수 없습니다. 디버그 정보가 없는 것처럼 개체를 링크합니다.
162_6.obj : warning LNK4099: '' PDB를 '162_6.obj' 또는 ''에서 찾을 수 없습니다. 디버그 정보가 없는 것처럼 개체를 링크합니다.
228_8.obj : warning LNK4099: '' PDB를 '228_8.obj' 또는 ''에서 찾을 수 없습니다. 디버그 정보가 없는 것처럼 개체를 링크합니다.
232_18.obj : warning LNK4099: '' PDB를 '232_18.obj' 또는 ''에서 찾을 수 없습니다. 디버그 정보가 없는 것처럼 개체를 링크합니다.
233_21.obj : warning LNK4099: '' PDB를 '233_21.obj' 또는 ''에서 찾을 수 없습니다. 디버그 정보가 없는 것처럼 개체를 링크합니다.
235_25.obj : warning LNK4099: '' PDB를 '235_25.obj' 또는 ''에서 찾을 수 없습니다. 디버그 정보가 없는 것처럼 개체를 링크합니다.
236_28.obj : warning LNK4099: '' PDB를 '236_28.obj' 또는 ''에서 찾을 수 없습니다. 디버그 정보가 없는 것처럼 개체를 링크합니다.
236_29.obj : warning LNK4099: '' PDB를 '236_29.obj' 또는 ''에서 찾을 수 없습니다. 디버그 정보가 없는 것처럼 개체를 링크합니다.
240_36.obj : warning LNK4099: '' PDB를 '240_36.obj' 또는 ''에서 찾을 수 없습니다. 디버그 정보가 없는 것처럼 개체를 링크합니다.
240_37.obj : warning LNK4099: '' PDB를 '240_37.obj' 또는 ''에서 찾을 수 없습니다. 디버그 정보가 없는 것처럼 개체를 링크합니다.
242_39.obj : warning LNK4099: '' PDB를 '242_39.obj' 또는 ''에서 찾을 수 없습니다. 디버그 정보가 없는 것처럼 개체를 링크합니다.
244_41.obj : warning LNK4099: '' PDB를 '244_41.obj' 또는 ''에서 찾을 수 없습니다. 디버그 정보가 없는 것처럼 개체를 링크합니다.
245_42.obj : warning LNK4099: '' PDB를 '245_42.obj' 또는 ''에서 찾을 수 없습니다. 디버그 정보가 없는 것처럼 개체를 링크합니다.
248_45.obj : warning LNK4099: '' PDB를 '248_45.obj' 또는 ''에서 찾을 수 없습니다. 디버그 정보가 없는 것처럼 개체를 링크합니다.
248_46.obj : warning LNK4099: '' PDB를 '248_46.obj' 또는 ''에서 찾을 수 없습니다. 디버그 정보가 없는 것처럼 개체를 링크합니다.
252_50.obj : warning LNK4099: '' PDB를 '252_50.obj' 또는 ''에서 찾을 수 없습니다. 디버그 정보가 없는 것처럼 개체를 링크합니다.
29_1.obj : warning LNK4099: '' PDB를 '29_1.obj' 또는 ''에서 찾을 수 없습니다. 디버그 정보가 없는 것처럼 개체를 링크합니다.
29_2.obj : warning LNK4099: '' PDB를 '29_2.obj' 또는 ''에서 찾을 수 없습니다. 디버그 정보가 없는 것처럼 개체를 링크합니다.
30_3.obj : warning LNK4099: '' PDB를 '30_3.obj' 또는 ''에서 찾을 수 없습니다. 디버그 정보가 없는 것처럼 개체를 링크합니다.
31_5.obj : warning LNK4099: '' PDB를 '31_5.obj' 또는 ''에서 찾을 수 없습니다. 디버그 정보가 없는 것처럼 개체를 링크합니다.
32_7.obj : warning LNK4099: '' PDB를 '32_7.obj' 또는 ''에서 찾을 수 없습니다. 디버그 정보가 없는 것처럼 개체를 링크합니다.
33_9.obj : warning LNK4099: '' PDB를 '33_9.obj' 또는 ''에서 찾을 수 없습니다. 디버그 정보가 없는 것처럼 개체를 링크합니다.
38_18.obj : warning LNK4099: '' PDB를 '38_18.obj' 또는 ''에서 찾을 수 없습니다. 디버그 정보가 없는 것처럼 개체를 링크합니다.
55_2.obj : warning LNK4099: '' PDB를 '55_2.obj' 또는 ''에서 찾을 수 없습니다. 디버그 정보가 없는 것처럼 개체를 링크합니다.
56_3cpp.obj : warning LNK4099: '' PDB를 '56_3cpp.obj' 또는 ''에서 찾을 수 없습니다. 디버그 정보가 없는 것처럼 개체를 링크합니다.
58_9.obj : warning LNK4099: '' PDB를 '58_9.obj' 또는 ''에서 찾을 수 없습니다. 디버그 정보가 없는 것처럼 개체를 링크합니다.
60_14.obj : warning LNK4099: '' PDB를 '60_14.obj' 또는 ''에서 찾을 수 없습니다. 디버그 정보가 없는 것처럼 개체를 링크합니다.
84_13.obj : warning LNK4099: '' PDB를 '84_13.obj' 또는 ''에서 찾을 수 없습니다. 디버그 정보가 없는 것처럼 개체를 링크합니다.
9_9.obj : warning LNK4099: '' PDB를 '9_9.obj' 또는 ''에서 찾을 수 없습니다. 디버그 정보가 없는 것처럼 개체를 링크합니다.
test7_4.obj : warning LNK4099: '' PDB를 'test7_4.obj' 또는 ''에서 찾을 수 없습니다. 디버그 정보가 없는 것처럼 개체를 링크합니다.
소스.obj : warning LNK4099: '' PDB를 '소스.obj' 또는 ''에서 찾을 수 없습니다. 디버그 정보가 없는 것처럼 개체를 링크합니다.
12_15.obj : warning LNK4099: '' PDB를 '12_15.obj' 또는 ''에서 찾을 수 없습니다. 디버그 정보가 없는 것처럼 개체를 링크합니다.
  Project1.vcxproj -> C:\Users\user\git\BOOK_IT_ENGINEER_C\Project1\x64\Debug\Project1.exe
